<?xml version="1.0" encoding="UTF-8"?>
<testsuite name="com.codedifferently.q4.team2.GameLauncherTest" tests="1" skipped="0" failures="0" errors="0" timestamp="2024-11-06T20:29:21" hostname="Oyeyemis-MacBook-Air.local" time="0.853">
  <properties/>
  <testcase name="testMain()" classname="com.codedifferently.q4.team2.GameLauncherTest" time="0.853"/>
  <system-out><![CDATA[15:29:20.304 [Test worker] INFO org.springframework.test.context.support.AnnotationConfigContextLoaderUtils -- Could not detect default configuration classes for test class [com.codedifferently.q4.team2.GameLauncherTest]: GameLauncherTest does not declare any static, non-private, non-final, nested classes annotated with @Configuration.
15:29:20.398 [Test worker] INFO org.springframework.boot.test.context.SpringBootTestContextBootstrapper -- Found @SpringBootConfiguration com.codedifferently.q4.team2.GameLauncher for test class com.codedifferently.q4.team2.GameLauncherTest

  .   ____          _            __ _ _
 /\\ / ___'_ __ _ _(_)_ __  __ _ \ \ \ \
( ( )\___ | '_ | '_| | '_ \/ _` | \ \ \ \
 \\/  ___)| |_)| | | | | || (_| |  ) ) ) )
  '  |____| .__|_| |_|_| |_\__, | / / / /
 =========|_|==============|___/=/_/_/_/
?[32m :: Spring Boot :: ?[39m              ?[2m (v3.2.2)?[0;39m

?[2m2024-11-06T15:29:20.683-05:00?[0;39m ?[32m INFO?[0;39m ?[35m20108?[0;39m ?[2m---?[0;39m ?[2m[    Test worker]?[0;39m ?[2m?[0;39m?[36mc.c.q4.team2.GameLauncherTest           ?[0;39m ?[2m:?[0;39m Starting GameLauncherTest using Java 23 with PID 20108 (started by jimoye in /Users/jimoye/project/guessing-game)
?[2m2024-11-06T15:29:20.684-05:00?[0;39m ?[32m INFO?[0;39m ?[35m20108?[0;39m ?[2m---?[0;39m ?[2m[    Test worker]?[0;39m ?[2m?[0;39m?[36mc.c.q4.team2.GameLauncherTest           ?[0;39m ?[2m:?[0;39m No active profile set, falling back to 1 default profile: "default"
?[2m2024-11-06T15:29:21.138-05:00?[0;39m ?[32m INFO?[0;39m ?[35m20108?[0;39m ?[2m---?[0;39m ?[2m[    Test worker]?[0;39m ?[2m?[0;39m?[36mc.c.q4.team2.GameLauncherTest           ?[0;39m ?[2m:?[0;39m Started GameLauncherTest in 0.62 seconds (process running for 7.47)
]]></system-out>
  <system-err><![CDATA[WARNING: A Java agent has been loaded dynamically (/Users/jimoye/.gradle/caches/modules-2/files-2.1/net.bytebuddy/byte-buddy-agent/1.14.11/f9cb566608fbac6bc7bf54901a7aa11543a989ee/byte-buddy-agent-1.14.11.jar)
WARNING: If a serviceability tool is in use, please run with -XX:+EnableDynamicAgentLoading to hide this warning
WARNING: If a serviceability tool is not in use, please run with -Djdk.instrument.traceUsage for more information
WARNING: Dynamic loading of agents will be disallowed by default in a future release
]]></system-err>
</testsuite>
